The MPI test test_mpi for C in mode normal failed to compile with the following output:
Change Dir: /home/pn/桌面/cmake_test/build/CMakeFiles/CMakeTmp

Run Build Command(s):/usr/bin/make cmTC_a24c4/fast && /usr/bin/make -f CMakeFiles/cmTC_a24c4.dir/build.make CMakeFiles/cmTC_a24c4.dir/build
make[1]: 进入目录“/home/pn/桌面/cmake_test/build/CMakeFiles/CMakeTmp”
Building C object CMakeFiles/cmTC_a24c4.dir/test_mpi.c.o
/usr/bin/cc    -o CMakeFiles/cmTC_a24c4.dir/test_mpi.c.o   -c /usr/share/cmake-3.16/Modules/FindMPI/test_mpi.c
/usr/share/cmake-3.16/Modules/FindMPI/test_mpi.c:1:10: fatal error: mpi.h: 没有那个文件或目录
    1 | #include <mpi.h>
      |          ^~~~~~~
compilation terminated.
make[1]: *** [CMakeFiles/cmTC_a24c4.dir/build.make:66：CMakeFiles/cmTC_a24c4.dir/test_mpi.c.o] 错误 1
make[1]: 离开目录“/home/pn/桌面/cmake_test/build/CMakeFiles/CMakeTmp”
make: *** [Makefile:121：cmTC_a24c4/fast] 错误 2



The MPI test test_mpi for CXX in mode normal failed to compile with the following output:
Change Dir: /home/pn/桌面/cmake_test/build/CMakeFiles/CMakeTmp

Run Build Command(s):/usr/bin/make cmTC_3fac9/fast && /usr/bin/make -f CMakeFiles/cmTC_3fac9.dir/build.make CMakeFiles/cmTC_3fac9.dir/build
make[1]: 进入目录“/home/pn/桌面/cmake_test/build/CMakeFiles/CMakeTmp”
Building CXX object CMakeFiles/cmTC_3fac9.dir/test_mpi.cpp.o
/usr/bin/c++    -std=gnu++11 -o CMakeFiles/cmTC_3fac9.dir/test_mpi.cpp.o -c /home/pn/桌面/cmake_test/build/CMakeFiles/FindMPI/test_mpi.cpp
/home/pn/桌面/cmake_test/build/CMakeFiles/FindMPI/test_mpi.cpp:1:10: fatal error: mpi.h: 没有那个文件或目录
    1 | #include <mpi.h>
      |          ^~~~~~~
compilation terminated.
make[1]: *** [CMakeFiles/cmTC_3fac9.dir/build.make:66：CMakeFiles/cmTC_3fac9.dir/test_mpi.cpp.o] 错误 1
make[1]: 离开目录“/home/pn/桌面/cmake_test/build/CMakeFiles/CMakeTmp”
make: *** [Makefile:121：cmTC_3fac9/fast] 错误 2



